09:19:54.627 [main] INFO  testCases.TC_001_AccountRegistrationTest - ***  Starting TC_001_AccountRegistrationTest ***
09:19:54.740 [main] INFO  testCases.TC_001_AccountRegistrationTest - Clicked on My account link
09:19:55.187 [main] INFO  testCases.TC_001_AccountRegistrationTest - Clicked on register link
09:19:55.190 [main] INFO  testCases.TC_001_AccountRegistrationTest - Providing customer data
09:19:56.582 [main] INFO  testCases.TC_001_AccountRegistrationTest - Clicked on continue
09:19:56.630 [main] INFO  testCases.TC_001_AccountRegistrationTest - Validating expected message
09:19:56.633 [main] INFO  testCases.TC_001_AccountRegistrationTest - ***  Finished TC_001_AccountRegistrationTest ***
09:28:58.943 [main] INFO  testCases.TC_001_AccountRegistrationTest - ***  Starting TC_001_AccountRegistrationTest ***
09:28:59.138 [main] INFO  testCases.TC_001_AccountRegistrationTest - Clicked on My account link
09:28:59.657 [main] INFO  testCases.TC_001_AccountRegistrationTest - Clicked on register link
09:28:59.663 [main] INFO  testCases.TC_001_AccountRegistrationTest - Providing customer data
09:29:01.351 [main] INFO  testCases.TC_001_AccountRegistrationTest - Clicked on continue
09:29:01.479 [main] INFO  testCases.TC_001_AccountRegistrationTest - Validating expected message
09:29:01.484 [main] INFO  testCases.TC_001_AccountRegistrationTest - ***  Finished TC_001_AccountRegistrationTest ***
09:37:22.307 [main] INFO  testCases.TC_001_AccountRegistrationTest - ***  Starting TC_001_AccountRegistrationTest ***
09:37:22.534 [main] INFO  testCases.TC_001_AccountRegistrationTest - Clicked on My account link
09:37:23.378 [main] INFO  testCases.TC_001_AccountRegistrationTest - Clicked on register link
09:37:23.381 [main] INFO  testCases.TC_001_AccountRegistrationTest - Providing customer data
09:37:24.998 [main] INFO  testCases.TC_001_AccountRegistrationTest - Clicked on continue
09:37:25.059 [main] INFO  testCases.TC_001_AccountRegistrationTest - Validating expected message
09:37:25.063 [main] INFO  testCases.TC_001_AccountRegistrationTest - ***  Finished TC_001_AccountRegistrationTest ***
09:38:32.195 [main] INFO  testCases.TC_001_AccountRegistrationTest - ***  Starting TC_001_AccountRegistrationTest ***
09:38:32.339 [main] INFO  testCases.TC_001_AccountRegistrationTest - Clicked on My account link
09:38:32.837 [main] INFO  testCases.TC_001_AccountRegistrationTest - Clicked on register link
09:38:32.840 [main] INFO  testCases.TC_001_AccountRegistrationTest - Providing customer data
09:38:34.223 [main] INFO  testCases.TC_001_AccountRegistrationTest - Clicked on continue
09:38:34.284 [main] INFO  testCases.TC_001_AccountRegistrationTest - Validating expected message
09:38:34.288 [main] INFO  testCases.TC_001_AccountRegistrationTest - ***  Finished TC_001_AccountRegistrationTest ***
17:35:51.206 [main] INFO  testCases.TC_001_AccountRegistrationTest - ***  Starting TC_001_AccountRegistrationTest ***
17:35:51.356 [main] INFO  testCases.TC_001_AccountRegistrationTest - Clicked on My account link
17:35:51.835 [main] INFO  testCases.TC_001_AccountRegistrationTest - Clicked on register link
17:35:51.837 [main] INFO  testCases.TC_001_AccountRegistrationTest - Providing customer data
17:35:53.214 [main] INFO  testCases.TC_001_AccountRegistrationTest - Clicked on continue
17:35:53.269 [main] INFO  testCases.TC_001_AccountRegistrationTest - Validating expected message
17:35:53.271 [main] INFO  testCases.TC_001_AccountRegistrationTest - ***  Finished TC_001_AccountRegistrationTest ***
17:37:08.345 [TestNG-tests-1] INFO  testCases.TC_001_AccountRegistrationTest - ***  Starting TC_001_AccountRegistrationTest ***
17:37:08.544 [TestNG-tests-1] INFO  testCases.TC_001_AccountRegistrationTest - Clicked on My account link
17:37:08.989 [TestNG-tests-1] INFO  testCases.TC_001_AccountRegistrationTest - Clicked on register link
17:37:08.992 [TestNG-tests-1] INFO  testCases.TC_001_AccountRegistrationTest - Providing customer data
17:37:11.975 [TestNG-tests-1] INFO  testCases.TC_001_AccountRegistrationTest - Clicked on continue
17:37:12.048 [TestNG-tests-1] INFO  testCases.TC_001_AccountRegistrationTest - Validating expected message
17:37:12.054 [TestNG-tests-1] INFO  testCases.TC_001_AccountRegistrationTest - ***  Finished TC_001_AccountRegistrationTest ***
17:37:12.408 [TestNG-tests-2] INFO  testCases.TC_001_AccountRegistrationTest - ***  Starting TC_001_AccountRegistrationTest ***
17:37:12.526 [TestNG-tests-2] INFO  testCases.TC_001_AccountRegistrationTest - Clicked on My account link
17:37:13.196 [TestNG-tests-2] INFO  testCases.TC_001_AccountRegistrationTest - Clicked on register link
17:37:13.198 [TestNG-tests-2] INFO  testCases.TC_001_AccountRegistrationTest - Providing customer data
17:37:15.628 [TestNG-tests-2] INFO  testCases.TC_001_AccountRegistrationTest - Clicked on continue
17:37:15.679 [TestNG-tests-2] INFO  testCases.TC_001_AccountRegistrationTest - Validating expected message
17:37:15.679 [TestNG-tests-2] INFO  testCases.TC_001_AccountRegistrationTest - ***  Finished TC_001_AccountRegistrationTest ***
17:59:14.374 [main] INFO  testCases.TC_001_AccountRegistrationTest - ***  Starting TC_001_AccountRegistrationTest ***
17:59:14.536 [main] INFO  testCases.TC_001_AccountRegistrationTest - Clicked on My account link
17:59:15.000 [main] INFO  testCases.TC_001_AccountRegistrationTest - Clicked on register link
17:59:15.004 [main] INFO  testCases.TC_001_AccountRegistrationTest - Providing customer data
17:59:16.449 [main] INFO  testCases.TC_001_AccountRegistrationTest - Clicked on continue
17:59:16.504 [main] INFO  testCases.TC_001_AccountRegistrationTest - Validating expected message
17:59:16.507 [main] INFO  testCases.TC_001_AccountRegistrationTest - ***  Finished TC_001_AccountRegistrationTest ***
09:04:00.982 [main] INFO  testCases.TC_001_AccountRegistrationTest - ***  Starting TC_001_AccountRegistrationTest ***
09:04:01.127 [main] INFO  testCases.TC_001_AccountRegistrationTest - Clicked on My account link
09:04:01.937 [main] INFO  testCases.TC_001_AccountRegistrationTest - Clicked on register link
09:04:01.945 [main] INFO  testCases.TC_001_AccountRegistrationTest - Providing customer data
09:04:03.628 [main] INFO  testCases.TC_001_AccountRegistrationTest - Clicked on continue
09:04:03.746 [main] INFO  testCases.TC_001_AccountRegistrationTest - Validating expected message
09:04:03.749 [main] INFO  testCases.TC_001_AccountRegistrationTest - ***  Finished TC_001_AccountRegistrationTest ***
09:07:01.870 [main] INFO  testCases.TC_001_AccountRegistrationTest - ***  Starting TC_001_AccountRegistrationTest ***
09:07:02.016 [main] INFO  testCases.TC_001_AccountRegistrationTest - Clicked on My account link
09:07:03.655 [main] INFO  testCases.TC_001_AccountRegistrationTest - Clicked on register link
09:07:03.658 [main] INFO  testCases.TC_001_AccountRegistrationTest - Providing customer data
09:07:04.944 [main] INFO  testCases.TC_001_AccountRegistrationTest - Clicked on continue
09:07:15.016 [main] INFO  testCases.TC_001_AccountRegistrationTest - Validating expected message
09:08:37.754 [main] INFO  testCases.TC_001_AccountRegistrationTest - ***  Starting TC_001_AccountRegistrationTest ***
09:08:37.892 [main] INFO  testCases.TC_001_AccountRegistrationTest - Clicked on My account link
09:08:38.481 [main] INFO  testCases.TC_001_AccountRegistrationTest - Clicked on register link
09:08:38.486 [main] INFO  testCases.TC_001_AccountRegistrationTest - Providing customer data
09:08:39.661 [main] INFO  testCases.TC_001_AccountRegistrationTest - Clicked on continue
09:08:49.716 [main] INFO  testCases.TC_001_AccountRegistrationTest - Validating expected message
09:10:30.755 [main] INFO  testCases.TC_001_AccountRegistrationTest - ***  Starting TC_001_AccountRegistrationTest ***
09:10:30.863 [main] INFO  testCases.TC_001_AccountRegistrationTest - Clicked on My account link
09:10:32.023 [main] INFO  testCases.TC_001_AccountRegistrationTest - Clicked on register link
09:10:32.025 [main] INFO  testCases.TC_001_AccountRegistrationTest - Providing customer data
09:10:33.274 [main] INFO  testCases.TC_001_AccountRegistrationTest - Clicked on continue
09:10:43.311 [main] INFO  testCases.TC_001_AccountRegistrationTest - Validating expected message
09:14:15.467 [main] INFO  testCases.TC_001_AccountRegistrationTest - ***  Starting TC_001_AccountRegistrationTest ***
09:14:15.588 [main] INFO  testCases.TC_001_AccountRegistrationTest - Clicked on My account link
09:14:16.156 [main] INFO  testCases.TC_001_AccountRegistrationTest - Clicked on register link
09:14:16.160 [main] INFO  testCases.TC_001_AccountRegistrationTest - Providing customer data
09:14:17.279 [main] INFO  testCases.TC_001_AccountRegistrationTest - Clicked on continue
09:14:27.342 [main] INFO  testCases.TC_001_AccountRegistrationTest - Validating expected message
17:29:14.590 [main] INFO  testCases.TC_002_LoginTest -  ***Starting TC_002_LoginTest***
17:29:14.744 [main] INFO  testCases.TC_002_LoginTest - Clicked on My Account
17:29:15.323 [main] INFO  testCases.TC_002_LoginTest - Clicked on Login Link
17:29:15.325 [main] INFO  testCases.TC_002_LoginTest - Providing login details
17:29:16.136 [main] INFO  testCases.TC_002_LoginTest - Clicked on Login button
17:29:16.218 [main] INFO  testCases.TC_002_LoginTest - ***Finished TC_002_LoginTest***
17:30:46.756 [main] INFO  testCases.TC_002_LoginTest -  ***Starting TC_002_LoginTest***
17:30:46.889 [main] INFO  testCases.TC_002_LoginTest - Clicked on My Account
17:30:47.209 [main] INFO  testCases.TC_002_LoginTest - Clicked on Login Link
17:30:47.210 [main] INFO  testCases.TC_002_LoginTest - Providing login details
17:30:47.950 [main] INFO  testCases.TC_002_LoginTest - Clicked on Login button
10:12:52.417 [main] INFO  testCases.TC_003_LoginDataDrivenTest -  Starting TC_003_LoginDataDrivenTest 
10:12:54.226 [main] INFO  testCases.TC_003_LoginDataDrivenTest -  Starting TC_003_LoginDataDrivenTest 
10:13:05.146 [main] INFO  testCases.TC_003_LoginDataDrivenTest -  Finished TC_003_LoginDataDrivenTest
10:13:05.154 [main] INFO  testCases.TC_003_LoginDataDrivenTest -  Starting TC_003_LoginDataDrivenTest 
10:13:16.060 [main] INFO  testCases.TC_003_LoginDataDrivenTest -  Finished TC_003_LoginDataDrivenTest
10:13:16.064 [main] INFO  testCases.TC_003_LoginDataDrivenTest -  Starting TC_003_LoginDataDrivenTest 
10:13:27.535 [main] INFO  testCases.TC_003_LoginDataDrivenTest -  Finished TC_003_LoginDataDrivenTest
10:13:27.545 [main] INFO  testCases.TC_003_LoginDataDrivenTest -  Starting TC_003_LoginDataDrivenTest 
10:13:29.021 [main] INFO  testCases.TC_003_LoginDataDrivenTest -  Finished TC_003_LoginDataDrivenTest
10:14:52.917 [main] INFO  testCases.TC_003_LoginDataDrivenTest -  Starting TC_003_LoginDataDrivenTest 
10:14:55.551 [main] INFO  testCases.TC_003_LoginDataDrivenTest -  Starting TC_003_LoginDataDrivenTest 
10:15:06.686 [main] INFO  testCases.TC_003_LoginDataDrivenTest -  Finished TC_003_LoginDataDrivenTest
10:15:06.694 [main] INFO  testCases.TC_003_LoginDataDrivenTest -  Starting TC_003_LoginDataDrivenTest 
10:15:17.657 [main] INFO  testCases.TC_003_LoginDataDrivenTest -  Finished TC_003_LoginDataDrivenTest
10:15:17.661 [main] INFO  testCases.TC_003_LoginDataDrivenTest -  Starting TC_003_LoginDataDrivenTest 
10:15:28.969 [main] INFO  testCases.TC_003_LoginDataDrivenTest -  Finished TC_003_LoginDataDrivenTest
10:15:28.979 [main] INFO  testCases.TC_003_LoginDataDrivenTest -  Starting TC_003_LoginDataDrivenTest 
10:15:31.170 [main] INFO  testCases.TC_003_LoginDataDrivenTest -  Finished TC_003_LoginDataDrivenTest
14:43:08.422 [main] INFO  testCases.TC_001_AccountRegistrationTest - ***  Starting TC_001_AccountRegistrationTest ***
14:43:08.564 [main] INFO  testCases.TC_001_AccountRegistrationTest - Clicked on My account link
14:43:09.075 [main] INFO  testCases.TC_001_AccountRegistrationTest - Clicked on register link
14:43:09.078 [main] INFO  testCases.TC_001_AccountRegistrationTest - Providing customer data
14:43:10.301 [main] INFO  testCases.TC_001_AccountRegistrationTest - Clicked on continue
14:43:20.324 [main] INFO  testCases.TC_001_AccountRegistrationTest - Validating expected message
14:43:24.093 [main] INFO  testCases.TC_002_LoginTest -  ***Starting TC_002_LoginTest***
14:43:24.188 [main] INFO  testCases.TC_002_LoginTest - Clicked on My Account
14:43:24.557 [main] INFO  testCases.TC_002_LoginTest - Clicked on Login Link
14:43:24.559 [main] INFO  testCases.TC_002_LoginTest - Providing login details
14:43:25.316 [main] INFO  testCases.TC_002_LoginTest - Clicked on Login button
14:43:25.436 [main] INFO  testCases.TC_002_LoginTest - ***Finished TC_002_LoginTest***
14:46:02.989 [main] INFO  testCases.TC_001_AccountRegistrationTest - ***  Starting TC_001_AccountRegistrationTest ***
14:46:03.108 [main] INFO  testCases.TC_001_AccountRegistrationTest - Clicked on My account link
14:46:03.597 [main] INFO  testCases.TC_001_AccountRegistrationTest - Clicked on register link
14:46:03.601 [main] INFO  testCases.TC_001_AccountRegistrationTest - Providing customer data
14:46:05.058 [main] INFO  testCases.TC_001_AccountRegistrationTest - Clicked on continue
14:46:05.113 [main] INFO  testCases.TC_001_AccountRegistrationTest - Validating expected message
14:46:05.116 [main] INFO  testCases.TC_001_AccountRegistrationTest - ***  Finished TC_001_AccountRegistrationTest ***
14:46:08.306 [main] INFO  testCases.TC_002_LoginTest -  ***Starting TC_002_LoginTest***
14:46:08.399 [main] INFO  testCases.TC_002_LoginTest - Clicked on My Account
14:46:08.696 [main] INFO  testCases.TC_002_LoginTest - Clicked on Login Link
14:46:08.700 [main] INFO  testCases.TC_002_LoginTest - Providing login details
14:46:09.504 [main] INFO  testCases.TC_002_LoginTest - Clicked on Login button
14:46:09.627 [main] INFO  testCases.TC_002_LoginTest - ***Finished TC_002_LoginTest***
14:50:26.011 [main] INFO  testCases.TC_002_LoginTest -  ***Starting TC_002_LoginTest***
14:50:26.144 [main] INFO  testCases.TC_002_LoginTest - Clicked on My Account
14:50:26.458 [main] INFO  testCases.TC_002_LoginTest - Clicked on Login Link
14:50:26.459 [main] INFO  testCases.TC_002_LoginTest - Providing login details
14:50:27.188 [main] INFO  testCases.TC_002_LoginTest - Clicked on Login button
14:50:27.326 [main] INFO  testCases.TC_002_LoginTest - ***Finished TC_002_LoginTest***
09:21:38.034 [main] INFO  testCases.TC_001_AccountRegistrationTest - ***  Starting TC_001_AccountRegistrationTest ***
09:21:38.195 [main] INFO  testCases.TC_001_AccountRegistrationTest - Clicked on My account link
09:21:38.739 [main] INFO  testCases.TC_001_AccountRegistrationTest - Clicked on register link
09:21:38.743 [main] INFO  testCases.TC_001_AccountRegistrationTest - Providing customer data
09:21:40.315 [main] INFO  testCases.TC_001_AccountRegistrationTest - Clicked on continue
09:21:40.376 [main] INFO  testCases.TC_001_AccountRegistrationTest - Validating expected message
09:21:40.379 [main] INFO  testCases.TC_001_AccountRegistrationTest - ***  Finished TC_001_AccountRegistrationTest ***
09:21:45.901 [main] INFO  testCases.TC_002_LoginTest -  ***Starting TC_002_LoginTest***
09:21:45.982 [main] INFO  testCases.TC_002_LoginTest - Clicked on My Account
09:21:46.360 [main] INFO  testCases.TC_002_LoginTest - Clicked on Login Link
09:21:46.363 [main] INFO  testCases.TC_002_LoginTest - Providing login details
09:21:47.115 [main] INFO  testCases.TC_002_LoginTest - Clicked on Login button
09:21:47.179 [main] INFO  testCases.TC_002_LoginTest - ***Finished TC_002_LoginTest***
10:01:17.763 [main] INFO  testCases.TC_001_AccountRegistrationTest - ***  Starting TC_001_AccountRegistrationTest ***
10:01:17.936 [main] INFO  testCases.TC_001_AccountRegistrationTest - Clicked on My account link
10:01:18.689 [main] INFO  testCases.TC_001_AccountRegistrationTest - Clicked on register link
10:01:18.696 [main] INFO  testCases.TC_001_AccountRegistrationTest - Providing customer data
10:01:20.116 [main] INFO  testCases.TC_001_AccountRegistrationTest - Clicked on continue
10:01:20.173 [main] INFO  testCases.TC_001_AccountRegistrationTest - Validating expected message
10:01:20.175 [main] INFO  testCases.TC_001_AccountRegistrationTest - ***  Finished TC_001_AccountRegistrationTest ***
10:01:26.883 [main] INFO  testCases.TC_002_LoginTest -  ***Starting TC_002_LoginTest***
10:01:26.965 [main] INFO  testCases.TC_002_LoginTest - Clicked on My Account
10:01:27.280 [main] INFO  testCases.TC_002_LoginTest - Clicked on Login Link
10:01:27.282 [main] INFO  testCases.TC_002_LoginTest - Providing login details
10:01:27.973 [main] INFO  testCases.TC_002_LoginTest - Clicked on Login button
10:01:28.090 [main] INFO  testCases.TC_002_LoginTest - ***Finished TC_002_LoginTest***
15:56:32.819 [main] INFO  testCases.TC_001_AccountRegistrationTest - ***  Starting TC_001_AccountRegistrationTest ***
15:56:32.953 [main] INFO  testCases.TC_001_AccountRegistrationTest - Clicked on My account link
15:56:33.407 [main] INFO  testCases.TC_001_AccountRegistrationTest - Clicked on register link
15:56:33.414 [main] INFO  testCases.TC_001_AccountRegistrationTest - Providing customer data
15:56:34.790 [main] INFO  testCases.TC_001_AccountRegistrationTest - Clicked on continue
15:56:34.847 [main] INFO  testCases.TC_001_AccountRegistrationTest - Validating expected message
15:56:34.849 [main] INFO  testCases.TC_001_AccountRegistrationTest - ***  Finished TC_001_AccountRegistrationTest ***
15:56:38.234 [main] INFO  testCases.TC_002_LoginTest -  ***Starting TC_002_LoginTest***
15:56:38.333 [main] INFO  testCases.TC_002_LoginTest - Clicked on My Account
15:56:38.620 [main] INFO  testCases.TC_002_LoginTest - Clicked on Login Link
15:56:38.622 [main] INFO  testCases.TC_002_LoginTest - Providing login details
15:56:39.298 [main] INFO  testCases.TC_002_LoginTest - Clicked on Login button
15:56:39.423 [main] INFO  testCases.TC_002_LoginTest - ***Finished TC_002_LoginTest***
15:57:19.436 [main] INFO  testCases.TC_001_AccountRegistrationTest - ***  Starting TC_001_AccountRegistrationTest ***
15:57:19.567 [main] INFO  testCases.TC_001_AccountRegistrationTest - Clicked on My account link
15:57:20.011 [main] INFO  testCases.TC_001_AccountRegistrationTest - Clicked on register link
15:57:20.016 [main] INFO  testCases.TC_001_AccountRegistrationTest - Providing customer data
15:57:21.368 [main] INFO  testCases.TC_001_AccountRegistrationTest - Clicked on continue
15:57:21.416 [main] INFO  testCases.TC_001_AccountRegistrationTest - Validating expected message
15:57:21.419 [main] INFO  testCases.TC_001_AccountRegistrationTest - ***  Finished TC_001_AccountRegistrationTest ***
15:57:24.365 [main] INFO  testCases.TC_002_LoginTest -  ***Starting TC_002_LoginTest***
15:57:24.463 [main] INFO  testCases.TC_002_LoginTest - Clicked on My Account
15:57:24.752 [main] INFO  testCases.TC_002_LoginTest - Clicked on Login Link
15:57:24.754 [main] INFO  testCases.TC_002_LoginTest - Providing login details
15:57:25.494 [main] INFO  testCases.TC_002_LoginTest - Clicked on Login button
15:57:25.566 [main] INFO  testCases.TC_002_LoginTest - ***Finished TC_002_LoginTest***
15:57:45.013 [main] INFO  testCases.TC_001_AccountRegistrationTest - ***  Starting TC_001_AccountRegistrationTest ***
15:57:45.128 [main] INFO  testCases.TC_001_AccountRegistrationTest - Clicked on My account link
15:57:45.566 [main] INFO  testCases.TC_001_AccountRegistrationTest - Clicked on register link
15:57:45.570 [main] INFO  testCases.TC_001_AccountRegistrationTest - Providing customer data
15:57:46.928 [main] INFO  testCases.TC_001_AccountRegistrationTest - Clicked on continue
15:57:46.976 [main] INFO  testCases.TC_001_AccountRegistrationTest - Validating expected message
15:57:46.979 [main] INFO  testCases.TC_001_AccountRegistrationTest - ***  Finished TC_001_AccountRegistrationTest ***
15:57:49.797 [main] INFO  testCases.TC_002_LoginTest -  ***Starting TC_002_LoginTest***
15:57:49.893 [main] INFO  testCases.TC_002_LoginTest - Clicked on My Account
15:57:50.157 [main] INFO  testCases.TC_002_LoginTest - Clicked on Login Link
15:57:50.161 [main] INFO  testCases.TC_002_LoginTest - Providing login details
15:57:50.873 [main] INFO  testCases.TC_002_LoginTest - Clicked on Login button
15:57:50.937 [main] INFO  testCases.TC_002_LoginTest - ***Finished TC_002_LoginTest***
